Model Technology ModelSim SE-64 vlog 10.7c Compiler 2018.08 Aug 17 2018
Start time: 16:40:07 on Nov 29,2020
vlog -l reuleaux.rtl-vlog.rpt -sv "+acc=rnp" reuleaux_ag.sv circle.sv fillscreen.sv reuleaux.sv task4.sv vga-core/rtl_vga_adapter.sv vga-core/syn_vga_adapter.sv 
-- Compiling module reuleaux_ag
-- Compiling module circle
-- Compiling module fillscreen
-- Compiling module reuleaux
-- Compiling module task4
-- Compiling module vga_adapter

Top level modules:
	reuleaux_ag
	task4
End time: 16:40:07 on Nov 29,2020, Elapsed time: 0:00:00
Errors: 0, Warnings: 0
Reading pref.tcl

# 10.7c

# vsim -l reuleaux.rtl-vsim.rpt -c -do "source vga-core/vga_image.tcl;vcd file reuleaux.rtl.vcd;vcd add -r /reuleaux_ag/dut/*;run -all;quit" reuleaux_ag 
# Start time: 16:40:14 on Nov 29,2020
# ** Note: (vsim-3812) Design is being optimized...
# //  ModelSim SE-64 10.7c Aug 17 2018Linux 3.10.0-957.27.2.el7.x86_64
# //
# //  Copyright 1991-2018 Mentor Graphics Corporation
# //  All Rights Reserved.
# //
# //  ModelSim SE-64 and its associated documentation contain trade
# //  secrets and commercial or financial information that are the property of
# //  Mentor Graphics Corporation and are privileged, confidential,
# //  and exempt from disclosure under the Freedom of Information Act,
# //  5 U.S.C. Section 552. Furthermore, this information
# //  is prohibited from disclosure under the Trade Secrets Act,
# //  18 U.S.C. Section 1905.
# //
# Loading sv_std.std
# Loading sv_std.mti_fli
# Loading work.reuleaux_ag(fast)
# Loading work.reuleaux(fast)
# Loading work.circle(fast)
# Loading work.vga_adapter(fast)
# source vga-core/vga_image.tcl
# vcd file reuleaux.rtl.vcd
# vcd add -r /reuleaux_ag/dut/*
# run -all
# msg: DUT: reuleaux.sv. Test           0. Expectation: done asserted within        1930 cycles. Actual:       1377
# PASSED at t=13790
# reuleaux_0.memh
# msg: DUT: circle.sv. Test           0. Expectation: pixels match colours on reference drawing. 100% >= 10% Drawn: 226 Matched: 226/226 +/-1: 0
# PASSED at t=205790
# msg: DUT: circle.sv. Test           0. Expectation: pixels match colours on reference drawing. 100% >= 20% Drawn: 226 Matched: 226/226 +/-1: 0
# PASSED at t=205790
# msg: DUT: circle.sv. Test           0. Expectation: pixels match colours on reference drawing. 100% >= 30% Drawn: 226 Matched: 226/226 +/-1: 0
# PASSED at t=205790
# msg: DUT: circle.sv. Test           0. Expectation: pixels match colours on reference drawing. 100% >= 40% Drawn: 226 Matched: 226/226 +/-1: 0
# PASSED at t=205790
# msg: DUT: circle.sv. Test           0. Expectation: pixels match colours on reference drawing. 100% >= 50% Drawn: 226 Matched: 226/226 +/-1: 0
# PASSED at t=205790
# msg: DUT: circle.sv. Test           0. Expectation: pixels match colours on reference drawing. 100% >= 60% Drawn: 226 Matched: 226/226 +/-1: 0
# PASSED at t=205790
# msg: DUT: circle.sv. Test           0. Expectation: pixels match colours on reference drawing. 100% >= 70% Drawn: 226 Matched: 226/226 +/-1: 0
# PASSED at t=205790
# msg: DUT: circle.sv. Test           0. Expectation: pixels match colours on reference drawing. 100% >= 80% Drawn: 226 Matched: 226/226 +/-1: 0
# PASSED at t=205790
# msg: DUT: circle.sv. Test           0. Expectation: pixels match colours on reference drawing. 100% >= 90% Drawn: 226 Matched: 226/226 +/-1: 0
# PASSED at t=205790
# msg: DUT: reuleaux.sv. Test           1. Expectation: done asserted within         490 cycles. Actual:        369
# PASSED at t=209500
# reuleaux_1.memh
# msg: DUT: circle.sv. Test           1. Expectation: pixels match colours on reference drawing. 100% >= 10% Drawn: 0 Matched: 56/56 +/-1: 0
# PASSED at t=401500
# msg: DUT: circle.sv. Test           1. Expectation: pixels match colours on reference drawing. 100% >= 20% Drawn: 0 Matched: 56/56 +/-1: 0
# PASSED at t=401500
# msg: DUT: circle.sv. Test           1. Expectation: pixels match colours on reference drawing. 100% >= 30% Drawn: 0 Matched: 56/56 +/-1: 0
# PASSED at t=401500
# msg: DUT: circle.sv. Test           1. Expectation: pixels match colours on reference drawing. 100% >= 40% Drawn: 0 Matched: 56/56 +/-1: 0
# PASSED at t=401500
# msg: DUT: circle.sv. Test           1. Expectation: pixels match colours on reference drawing. 100% >= 50% Drawn: 0 Matched: 56/56 +/-1: 0
# PASSED at t=401500
# msg: DUT: circle.sv. Test           1. Expectation: pixels match colours on reference drawing. 100% >= 60% Drawn: 0 Matched: 56/56 +/-1: 0
# PASSED at t=401500
# msg: DUT: circle.sv. Test           1. Expectation: pixels match colours on reference drawing. 100% >= 70% Drawn: 0 Matched: 56/56 +/-1: 0
# PASSED at t=401500
# msg: DUT: circle.sv. Test           1. Expectation: pixels match colours on reference drawing. 100% >= 80% Drawn: 0 Matched: 56/56 +/-1: 0
# PASSED at t=401500
# msg: DUT: circle.sv. Test           1. Expectation: pixels match colours on reference drawing. 100% >= 90% Drawn: 0 Matched: 56/56 +/-1: 0
# PASSED at t=401500
# msg: DUT: reuleaux.sv. Test           2. Expectation: done asserted within         730 cycles. Actual:        537
# PASSED at t=406890
# reuleaux_2.memh
# msg: DUT: circle.sv. Test           2. Expectation: pixels match colours on reference drawing. 100% >= 10% Drawn: 84 Matched: 84/84 +/-1: 0
# PASSED at t=598890
# msg: DUT: circle.sv. Test           2. Expectation: pixels match colours on reference drawing. 100% >= 20% Drawn: 84 Matched: 84/84 +/-1: 0
# PASSED at t=598890
# msg: DUT: circle.sv. Test           2. Expectation: pixels match colours on reference drawing. 100% >= 30% Drawn: 84 Matched: 84/84 +/-1: 0
# PASSED at t=598890
# msg: DUT: circle.sv. Test           2. Expectation: pixels match colours on reference drawing. 100% >= 40% Drawn: 84 Matched: 84/84 +/-1: 0
# PASSED at t=598890
# msg: DUT: circle.sv. Test           2. Expectation: pixels match colours on reference drawing. 100% >= 50% Drawn: 84 Matched: 84/84 +/-1: 0
# PASSED at t=598890
# msg: DUT: circle.sv. Test           2. Expectation: pixels match colours on reference drawing. 100% >= 60% Drawn: 84 Matched: 84/84 +/-1: 0
# PASSED at t=598890
# msg: DUT: circle.sv. Test           2. Expectation: pixels match colours on reference drawing. 100% >= 70% Drawn: 84 Matched: 84/84 +/-1: 0
# PASSED at t=598890
# msg: DUT: circle.sv. Test           2. Expectation: pixels match colours on reference drawing. 100% >= 80% Drawn: 84 Matched: 84/84 +/-1: 0
# PASSED at t=598890
# msg: DUT: circle.sv. Test           2. Expectation: pixels match colours on reference drawing. 100% >= 90% Drawn: 84 Matched: 84/84 +/-1: 0
# PASSED at t=598890
# msg: DUT: reuleaux.sv. Test           3. Expectation: done asserted within        2410 cycles. Actual:       1713
# PASSED at t=616040
# reuleaux_3.memh
# msg: DUT: circle.sv. Test           3. Expectation: pixels match colours on reference drawing. 100% >= 10% Drawn: 282 Matched: 282/282 +/-1: 0
# PASSED at t=808040
# msg: DUT: circle.sv. Test           3. Expectation: pixels match colours on reference drawing. 100% >= 20% Drawn: 282 Matched: 282/282 +/-1: 0
# PASSED at t=808040
# msg: DUT: circle.sv. Test           3. Expectation: pixels match colours on reference drawing. 100% >= 30% Drawn: 282 Matched: 282/282 +/-1: 0
# PASSED at t=808040
# msg: DUT: circle.sv. Test           3. Expectation: pixels match colours on reference drawing. 100% >= 40% Drawn: 282 Matched: 282/282 +/-1: 0
# PASSED at t=808040
# msg: DUT: circle.sv. Test           3. Expectation: pixels match colours on reference drawing. 100% >= 50% Drawn: 282 Matched: 282/282 +/-1: 0
# PASSED at t=808040
# msg: DUT: circle.sv. Test           3. Expectation: pixels match colours on reference drawing. 100% >= 60% Drawn: 282 Matched: 282/282 +/-1: 0
# PASSED at t=808040
# msg: DUT: circle.sv. Test           3. Expectation: pixels match colours on reference drawing. 100% >= 70% Drawn: 282 Matched: 282/282 +/-1: 0
# PASSED at t=808040
# msg: DUT: circle.sv. Test           3. Expectation: pixels match colours on reference drawing. 100% >= 80% Drawn: 282 Matched: 282/282 +/-1: 0
# PASSED at t=808040
# msg: DUT: circle.sv. Test           3. Expectation: pixels match colours on reference drawing. 100% >= 90% Drawn: 282 Matched: 282/282 +/-1: 0
# PASSED at t=808040
# ** Note: $stop    : reuleaux_ag.sv(185)
#    Time: 808040 ps  Iteration: 1  Instance: /reuleaux_ag
# Break at reuleaux_ag.sv line 185
# Stopped at reuleaux_ag.sv line 185
# quit
# End time: 16:40:17 on Nov 29,2020, Elapsed time: 0:00:03
# Errors: 0, Warnings: 0
