Model Technology ModelSim SE-64 vlog 10.7c Compiler 2018.08 Aug 17 2018
Start time: 10:25:24 on Nov 17,2020
vlog -l ksa.gate-vlog.rpt -sv "+define+AG_NETLIST" "+acc=rnp" ksa_ag.sv simulation/modelsim/ksa.vo memories/s_mem.v memories/pt_mem.v 
-- Compiling module ksa_ag
-- Compiling module ag_sram
-- Compiling module ksa
-- Compiling module s_mem
-- Compiling module pt_mem

Top level modules:
	ksa_ag
	s_mem
	pt_mem
End time: 10:25:25 on Nov 17,2020, Elapsed time: 0:00:01
Errors: 0, Warnings: 0
Reading pref.tcl

# 10.7c

# vsim -l ksa.gate-vsim.rpt -t 1ps -L /ubc/ece/home/gl/grads/carolinew/intelFPGA_lite/19.1/modelsim_ase/altera/verilog/altera_mf -L /ubc/ece/home/gl/grads/carolinew/intelFPGA_lite/19.1/modelsim_ase/altera/verilog/altera_lnsim -L /ubc/ece/home/gl/grads/carolinew/intelFPGA_lite/19.1/modelsim_ase/altera/verilog/altera -L /ubc/ece/home/gl/grads/carolinew/intelFPGA_lite/19.1/modelsim_ase/altera/verilog/cyclonev -c -do "vcd file ksa.gate.vcd;vcd add -r /ksa_ag/dut/*;run -all;quit" ksa_ag 
# Start time: 10:25:27 on Nov 17,2020
# ** Note: (vsim-3812) Design is being optimized...
# //  ModelSim SE-64 10.7c Aug 17 2018Linux 3.10.0-957.27.2.el7.x86_64
# //
# //  Copyright 1991-2018 Mentor Graphics Corporation
# //  All Rights Reserved.
# //
# //  ModelSim SE-64 and its associated documentation contain trade
# //  secrets and commercial or financial information that are the property of
# //  Mentor Graphics Corporation and are privileged, confidential,
# //  and exempt from disclosure under the Freedom of Information Act,
# //  5 U.S.C. Section 552. Furthermore, this information
# //  is prohibited from disclosure under the Trade Secrets Act,
# //  18 U.S.C. Section 1905.
# //
# Loading sv_std.std
# Loading work.ksa_ag(fast)
# Loading work.ag_sram(fast)
# Loading work.ksa(fast)
# Loading /ubc/ece/home/gl/grads/carolinew/intelFPGA_lite/19.1/modelsim_ase/altera/verilog/cyclonev.cyclonev_io_obuf(fast)
# Loading /ubc/ece/home/gl/grads/carolinew/intelFPGA_lite/19.1/modelsim_ase/altera/verilog/cyclonev.cyclonev_io_ibuf(fast)
# Loading /ubc/ece/home/gl/grads/carolinew/intelFPGA_lite/19.1/modelsim_ase/altera/verilog/cyclonev.cyclonev_clkena(fast)
# Loading /ubc/ece/home/gl/grads/carolinew/intelFPGA_lite/19.1/modelsim_ase/altera/verilog/cyclonev.cyclonev_lcell_comb(fast)
# Loading /ubc/ece/home/gl/grads/carolinew/intelFPGA_lite/19.1/modelsim_ase/altera/verilog/cyclonev.cyclonev_lcell_comb(fast__1)
# Loading /ubc/ece/home/gl/grads/carolinew/intelFPGA_lite/19.1/modelsim_ase/altera/verilog/cyclonev.cyclonev_lcell_comb(fast__2)
# Loading /ubc/ece/home/gl/grads/carolinew/intelFPGA_lite/19.1/modelsim_ase/altera/verilog/cyclonev.cyclonev_lcell_comb(fast__3)
# Loading /ubc/ece/home/gl/grads/carolinew/intelFPGA_lite/19.1/modelsim_ase/altera/verilog/altera.dffeas(fast)
# Loading /ubc/ece/home/gl/grads/carolinew/intelFPGA_lite/19.1/modelsim_ase/altera/verilog/cyclonev.cyclonev_lcell_comb(fast__4)
# Loading /ubc/ece/home/gl/grads/carolinew/intelFPGA_lite/19.1/modelsim_ase/altera/verilog/cyclonev.cyclonev_lcell_comb(fast__5)
# Loading /ubc/ece/home/gl/grads/carolinew/intelFPGA_lite/19.1/modelsim_ase/altera/verilog/cyclonev.cyclonev_lcell_comb(fast__6)
# Loading /ubc/ece/home/gl/grads/carolinew/intelFPGA_lite/19.1/modelsim_ase/altera/verilog/cyclonev.cyclonev_lcell_comb(fast__7)
# Loading /ubc/ece/home/gl/grads/carolinew/intelFPGA_lite/19.1/modelsim_ase/altera/verilog/cyclonev.cyclonev_lcell_comb(fast__8)
# Loading /ubc/ece/home/gl/grads/carolinew/intelFPGA_lite/19.1/modelsim_ase/altera/verilog/cyclonev.cyclonev_lcell_comb(fast__9)
# Loading /ubc/ece/home/gl/grads/carolinew/intelFPGA_lite/19.1/modelsim_ase/altera/verilog/cyclonev.cyclonev_lcell_comb(fast__10)
# Loading /ubc/ece/home/gl/grads/carolinew/intelFPGA_lite/19.1/modelsim_ase/altera/verilog/cyclonev.cyclonev_lcell_comb(fast__11)
# Loading /ubc/ece/home/gl/grads/carolinew/intelFPGA_lite/19.1/modelsim_ase/altera/verilog/cyclonev.cyclonev_lcell_comb(fast__12)
# Loading /ubc/ece/home/gl/grads/carolinew/intelFPGA_lite/19.1/modelsim_ase/altera/verilog/cyclonev.cyclonev_lcell_comb(fast__13)
# Loading /ubc/ece/home/gl/grads/carolinew/intelFPGA_lite/19.1/modelsim_ase/altera/verilog/cyclonev.cyclonev_lcell_comb(fast__14)
# Loading /ubc/ece/home/gl/grads/carolinew/intelFPGA_lite/19.1/modelsim_ase/altera/verilog/cyclonev.cyclonev_lcell_comb(fast__15)
# Loading /ubc/ece/home/gl/grads/carolinew/intelFPGA_lite/19.1/modelsim_ase/altera/verilog/cyclonev.cyclonev_lcell_comb(fast__16)
# Loading /ubc/ece/home/gl/grads/carolinew/intelFPGA_lite/19.1/modelsim_ase/altera/verilog/cyclonev.cyclonev_lcell_comb(fast__17)
# Loading /ubc/ece/home/gl/grads/carolinew/intelFPGA_lite/19.1/modelsim_ase/altera/verilog/cyclonev.cyclonev_lcell_comb(fast__18)
# Loading /ubc/ece/home/gl/grads/carolinew/intelFPGA_lite/19.1/modelsim_ase/altera/verilog/cyclonev.cyclonev_lcell_comb(fast__19)
# Loading /ubc/ece/home/gl/grads/carolinew/intelFPGA_lite/19.1/modelsim_ase/altera/verilog/cyclonev.cyclonev_lcell_comb(fast__20)
# Loading /ubc/ece/home/gl/grads/carolinew/intelFPGA_lite/19.1/modelsim_ase/altera/verilog/cyclonev.cyclonev_lcell_comb(fast__21)
# Loading /ubc/ece/home/gl/grads/carolinew/intelFPGA_lite/19.1/modelsim_ase/altera/verilog/cyclonev.cyclonev_lcell_comb(fast__22)
# Loading /ubc/ece/home/gl/grads/carolinew/intelFPGA_lite/19.1/modelsim_ase/altera/verilog/cyclonev.cyclonev_lcell_comb(fast__23)
# Loading /ubc/ece/home/gl/grads/carolinew/intelFPGA_lite/19.1/modelsim_ase/altera/verilog/cyclonev.cyclonev_lcell_comb(fast__24)
# Loading /ubc/ece/home/gl/grads/carolinew/intelFPGA_lite/19.1/modelsim_ase/altera/verilog/cyclonev.cyclonev_lcell_comb(fast__25)
# Loading /ubc/ece/home/gl/grads/carolinew/intelFPGA_lite/19.1/modelsim_ase/altera/verilog/cyclonev.cyclonev_lcell_comb(fast__26)
# Loading /ubc/ece/home/gl/grads/carolinew/intelFPGA_lite/19.1/modelsim_ase/altera/verilog/cyclonev.cyclonev_lcell_comb(fast__27)
# Loading /ubc/ece/home/gl/grads/carolinew/intelFPGA_lite/19.1/modelsim_ase/altera/verilog/cyclonev.cyclonev_lcell_comb(fast__28)
# Loading /ubc/ece/home/gl/grads/carolinew/intelFPGA_lite/19.1/modelsim_ase/altera/verilog/cyclonev.cyclonev_lcell_comb(fast__29)
# Loading /ubc/ece/home/gl/grads/carolinew/intelFPGA_lite/19.1/modelsim_ase/altera/verilog/cyclonev.cyclonev_lcell_comb(fast__30)
# Loading /ubc/ece/home/gl/grads/carolinew/intelFPGA_lite/19.1/modelsim_ase/altera/verilog/cyclonev.cyclonev_lcell_comb(fast__31)
# Loading /ubc/ece/home/gl/grads/carolinew/intelFPGA_lite/19.1/modelsim_ase/altera/verilog/cyclonev.cyclonev_lcell_comb(fast__32)
# Loading /ubc/ece/home/gl/grads/carolinew/intelFPGA_lite/19.1/modelsim_ase/altera/verilog/cyclonev.cyclonev_lcell_comb(fast__33)
# Loading /ubc/ece/home/gl/grads/carolinew/intelFPGA_lite/19.1/modelsim_ase/altera/verilog/cyclonev.cyclonev_lcell_comb(fast__34)
# Loading /ubc/ece/home/gl/grads/carolinew/intelFPGA_lite/19.1/modelsim_ase/altera/verilog/cyclonev.cyclonev_lcell_comb(fast__35)
# Loading /ubc/ece/home/gl/grads/carolinew/intelFPGA_lite/19.1/modelsim_ase/altera/verilog/cyclonev.cyclonev_lcell_comb(fast__36)
# Loading /ubc/ece/home/gl/grads/carolinew/intelFPGA_lite/19.1/modelsim_ase/altera/verilog/cyclonev.cyclonev_lcell_comb(fast__37)
# Loading /ubc/ece/home/gl/grads/carolinew/intelFPGA_lite/19.1/modelsim_ase/altera/verilog/cyclonev.cyclonev_lcell_comb(fast__38)
# Loading /ubc/ece/home/gl/grads/carolinew/intelFPGA_lite/19.1/modelsim_ase/altera/verilog/cyclonev.cyclonev_lcell_comb(fast__39)
# Loading /ubc/ece/home/gl/grads/carolinew/intelFPGA_lite/19.1/modelsim_ase/altera/verilog/cyclonev.cyclonev_lcell_comb(fast__40)
# Loading /ubc/ece/home/gl/grads/carolinew/intelFPGA_lite/19.1/modelsim_ase/altera/verilog/cyclonev.cyclonev_lcell_comb(fast__41)
# Loading /ubc/ece/home/gl/grads/carolinew/intelFPGA_lite/19.1/modelsim_ase/altera/verilog/cyclonev.cyclonev_lcell_comb(fast__42)
# Loading /ubc/ece/home/gl/grads/carolinew/intelFPGA_lite/19.1/modelsim_ase/altera/verilog/cyclonev.cyclonev_lcell_comb(fast__43)
# Loading /ubc/ece/home/gl/grads/carolinew/intelFPGA_lite/19.1/modelsim_ase/altera/verilog/cyclonev.cyclonev_lcell_comb(fast__44)
# Loading /ubc/ece/home/gl/grads/carolinew/intelFPGA_lite/19.1/modelsim_ase/altera/verilog/cyclonev.cyclonev_lcell_comb(fast__45)
# Loading /ubc/ece/home/gl/grads/carolinew/intelFPGA_lite/19.1/modelsim_ase/altera/verilog/cyclonev.cyclonev_lcell_comb(fast__46)
# Loading /ubc/ece/home/gl/grads/carolinew/intelFPGA_lite/19.1/modelsim_ase/altera/verilog/cyclonev.cyclonev_lcell_comb(fast__47)
# Loading /ubc/ece/home/gl/grads/carolinew/intelFPGA_lite/19.1/modelsim_ase/altera/verilog/cyclonev.cyclonev_lcell_comb(fast__48)
# Loading /ubc/ece/home/gl/grads/carolinew/intelFPGA_lite/19.1/modelsim_ase/altera/verilog/cyclonev.cyclonev_lcell_comb(fast__49)
# Loading /ubc/ece/home/gl/grads/carolinew/intelFPGA_lite/19.1/modelsim_ase/altera/verilog/cyclonev.cyclonev_lcell_comb(fast__50)
# Loading /ubc/ece/home/gl/grads/carolinew/intelFPGA_lite/19.1/modelsim_ase/altera/verilog/cyclonev.cyclonev_lcell_comb(fast__51)
# Loading /ubc/ece/home/gl/grads/carolinew/intelFPGA_lite/19.1/modelsim_ase/altera/verilog/cyclonev.cyclonev_lcell_comb(fast__52)
# Loading /ubc/ece/home/gl/grads/carolinew/intelFPGA_lite/19.1/modelsim_ase/altera/verilog/cyclonev.cyclonev_lcell_comb(fast__53)
# Loading /ubc/ece/home/gl/grads/carolinew/intelFPGA_lite/19.1/modelsim_ase/altera/verilog/cyclonev.cyclonev_lcell_comb(fast__54)
# Loading /ubc/ece/home/gl/grads/carolinew/intelFPGA_lite/19.1/modelsim_ase/altera/verilog/cyclonev.cyclonev_lcell_comb(fast__55)
# Loading /ubc/ece/home/gl/grads/carolinew/intelFPGA_lite/19.1/modelsim_ase/altera/verilog/cyclonev.cyclonev_lcell_comb(fast__56)
# Loading /ubc/ece/home/gl/grads/carolinew/intelFPGA_lite/19.1/modelsim_ase/altera/verilog/cyclonev.cyclonev_lcell_comb(fast__57)
# Loading /ubc/ece/home/gl/grads/carolinew/intelFPGA_lite/19.1/modelsim_ase/altera/verilog/cyclonev.cyclonev_lcell_comb(fast__58)
# Loading /ubc/ece/home/gl/grads/carolinew/intelFPGA_lite/19.1/modelsim_ase/altera/verilog/cyclonev.cyclonev_lcell_comb(fast__59)
# Loading /ubc/ece/home/gl/grads/carolinew/intelFPGA_lite/19.1/modelsim_ase/altera/verilog/cyclonev.cyclonev_lcell_comb(fast__60)
# Loading /ubc/ece/home/gl/grads/carolinew/intelFPGA_lite/19.1/modelsim_ase/altera/verilog/cyclonev.cyclonev_lcell_comb(fast__61)
# Loading /ubc/ece/home/gl/grads/carolinew/intelFPGA_lite/19.1/modelsim_ase/altera/verilog/cyclonev.cyclonev_lcell_comb(fast__62)
# Loading /ubc/ece/home/gl/grads/carolinew/intelFPGA_lite/19.1/modelsim_ase/altera/verilog/cyclonev.cyclonev_lcell_comb(fast__63)
# Loading /ubc/ece/home/gl/grads/carolinew/intelFPGA_lite/19.1/modelsim_ase/altera/verilog/cyclonev.cyclonev_lcell_comb(fast__64)
# Loading /ubc/ece/home/gl/grads/carolinew/intelFPGA_lite/19.1/modelsim_ase/altera/verilog/cyclonev.cyclonev_lcell_comb(fast__65)
# Loading /ubc/ece/home/gl/grads/carolinew/intelFPGA_lite/19.1/modelsim_ase/altera/verilog/cyclonev.cyclonev_lcell_comb(fast__66)
# Loading /ubc/ece/home/gl/grads/carolinew/intelFPGA_lite/19.1/modelsim_ase/altera/verilog/cyclonev.cyclonev_lcell_comb(fast__67)
# Loading /ubc/ece/home/gl/grads/carolinew/intelFPGA_lite/19.1/modelsim_ase/altera/verilog/cyclonev.cyclonev_lcell_comb(fast__68)
# Loading /ubc/ece/home/gl/grads/carolinew/intelFPGA_lite/19.1/modelsim_ase/altera/verilog/cyclonev.cyclonev_lcell_comb(fast__69)
# Loading /ubc/ece/home/gl/grads/carolinew/intelFPGA_lite/19.1/modelsim_ase/altera/verilog/cyclonev.cyclonev_lcell_comb(fast__70)
# Loading /ubc/ece/home/gl/grads/carolinew/intelFPGA_lite/19.1/modelsim_ase/altera/verilog/cyclonev.cyclonev_lcell_comb(fast__71)
# Loading /ubc/ece/home/gl/grads/carolinew/intelFPGA_lite/19.1/modelsim_ase/altera/verilog/cyclonev.cyclonev_lcell_comb(fast__72)
# Loading /ubc/ece/home/gl/grads/carolinew/intelFPGA_lite/19.1/modelsim_ase/altera/verilog/cyclonev.cyclonev_lcell_comb(fast__73)
# vcd file ksa.gate.vcd
# vcd add -r /ksa_ag/dut/*
# run -all
# msg: Fails if rdy is not high 20 clock cycles after coming out of a 20-clock-cycle reset
# PASSED at t=800
# msg: Fails if any S mem writes occurred after reset but before en was set high
# PASSED at t=800
# msg: Fails if rdy is combinationally dependent on en
# PASSED at t=800
# msg: Fails if rdy is not low at the posedge after en is deasserted
# PASSED at t=830
# msg: Fails if rdy is not reasserted within 4096 clock cycles
# PASSED at t=36700
# msg: Fails if mem write count (512) is not exactly 512
# PASSED at t=36700
# msg: Fails if mem write count (512) is off by over 50%
# PASSED at t=36700
# msg: Fails if correct swap operations count (256) is 0
# PASSED at t=36700
# msg: Fails if consistently addressed swap operations count (256) is less than 2 or over 256
# PASSED at t=36700
# msg: Fails if fully correct swap operations count (256) is less than 2 or over 256
# PASSED at t=36700
# msg: Fails if consistently addressed swap operations count (256) is less than 4 or over 256
# PASSED at t=36700
# msg: Fails if fully correct swap operations count (256) is less than 4 or over 256
# PASSED at t=36700
# msg: Fails if consistently addressed swap operations count (256) is less than 8 or over 256
# PASSED at t=36700
# msg: Fails if fully correct swap operations count (256) is less than 8 or over 256
# PASSED at t=36700
# msg: Fails if consistently addressed swap operations count (256) is less than 16 or over 256
# PASSED at t=36700
# msg: Fails if fully correct swap operations count (256) is less than 16 or over 256
# PASSED at t=36700
# msg: Fails if consistently addressed swap operations count (256) is less than 32 or over 256
# PASSED at t=36700
# msg: Fails if fully correct swap operations count (256) is less than 32 or over 256
# PASSED at t=36700
# msg: Fails if consistently addressed swap operations count (256) is less than 64 or over 256
# PASSED at t=36700
# msg: Fails if fully correct swap operations count (256) is less than 64 or over 256
# PASSED at t=36700
# msg: Fails if consistently addressed swap operations count (256) is less than 128 or over 256
# PASSED at t=36700
# msg: Fails if fully correct swap operations count (256) is less than 128 or over 256
# PASSED at t=36700
# msg: Fails if correct swap operations (256) is not 256
# PASSED at t=36700
# msg: Fails if final S memory contents are incorrect
# PASSED at t=36700
# msg: Fails if any S mem writes occurred after completion
# PASSED at t=37100
# msg: Fails if rdy is not reasserted within 4096 clock cycles of re-enable
# PASSED at t=73000
# msg: Fails if final S memory contents are incorrect
# PASSED at t=73000
# msg: Fails if rdy is not high 20 clock cycles after coming out of second reset
# PASSED at t=73800
# msg: Fails if any S mem writes occurred after second reset but before en was set high
# PASSED at t=73800
# msg: Fails if rdy is not reasserted within 4096 clock cycles of re-enable
# PASSED at t=109700
# msg: Fails if final S memory contents are incorrect
# PASSED at t=109700
# ** Note: $stop    : ksa_ag.sv(301)
#    Time: 109700 ps  Iteration: 0  Instance: /ksa_ag
# Break at ksa_ag.sv line 301
# Stopped at ksa_ag.sv line 301
# quit
# End time: 10:25:32 on Nov 17,2020, Elapsed time: 0:00:05
# Errors: 0, Warnings: 0
