Model Technology ModelSim SE-64 vlog 10.7c Compiler 2018.08 Aug 17 2018
Start time: 08:26:00 on Dec 04,2020
vlog -l scorehand.rtl-vlog.rpt -sv "+acc=rnp" scorehand_ag.sv card7seg.sv datapath.sv dealcard.sv mod10.sv reg4.sv scorehand.sv statemachine.sv task5.sv 
-- Compiling module scorehand_ag
-- Compiling module card7seg
-- Compiling module datapath
-- Compiling module dealcard
-- Compiling module mod10
-- Compiling module reg4
-- Compiling module scorehand
-- Compiling module statemachine
-- Compiling module vDFF
-- Compiling module task5

Top level modules:
	scorehand_ag
	task5
End time: 08:26:00 on Dec 04,2020, Elapsed time: 0:00:00
Errors: 0, Warnings: 0
Reading pref.tcl

# 10.7c

# vsim -l scorehand.rtl-vsim.rpt -c -do "vcd file scorehand.rtl.vcd;vcd add -r /scorehand_ag/dut/*;run -all;quit" scorehand_ag 
# Start time: 08:26:02 on Dec 04,2020
# ** Note: (vsim-3812) Design is being optimized...
# //  ModelSim SE-64 10.7c Aug 17 2018Linux 3.10.0-957.27.2.el7.x86_64
# //
# //  Copyright 1991-2018 Mentor Graphics Corporation
# //  All Rights Reserved.
# //
# //  ModelSim SE-64 and its associated documentation contain trade
# //  secrets and commercial or financial information that are the property of
# //  Mentor Graphics Corporation and are privileged, confidential,
# //  and exempt from disclosure under the Freedom of Information Act,
# //  5 U.S.C. Section 552. Furthermore, this information
# //  is prohibited from disclosure under the Trade Secrets Act,
# //  18 U.S.C. Section 1905.
# //
# Loading sv_std.std
# Loading work.scorehand_ag(fast)
# Loading work.scorehand(fast)
# Loading work.mod10(fast)
# vcd file scorehand.rtl.vcd
# vcd add -r /scorehand_ag/dut/*
# run -all
# criteria: fails for {card1,card2,card3} = { 0  0  0} and score is not  0
# msg: DUT: scorehand. Input: { 0  0  0}, Expected Output:  0, Actual Output:  0
# PASSED at t=5
# criteria: fails for {card1,card2,card3} = { 1  0  0} and score is not  1
# msg: DUT: scorehand. Input: { 1  0  0}, Expected Output:  1, Actual Output:  1
# PASSED at t=10
# criteria: fails for {card1,card2,card3} = { 2  0  0} and score is not  2
# msg: DUT: scorehand. Input: { 2  0  0}, Expected Output:  2, Actual Output:  2
# PASSED at t=15
# criteria: fails for {card1,card2,card3} = { 3  0  0} and score is not  3
# msg: DUT: scorehand. Input: { 3  0  0}, Expected Output:  3, Actual Output:  3
# PASSED at t=20
# criteria: fails for {card1,card2,card3} = { 4  0  0} and score is not  4
# msg: DUT: scorehand. Input: { 4  0  0}, Expected Output:  4, Actual Output:  4
# PASSED at t=25
# criteria: fails for {card1,card2,card3} = { 5  0  0} and score is not  5
# msg: DUT: scorehand. Input: { 5  0  0}, Expected Output:  5, Actual Output:  5
# PASSED at t=30
# criteria: fails for {card1,card2,card3} = { 6  0  0} and score is not  6
# msg: DUT: scorehand. Input: { 6  0  0}, Expected Output:  6, Actual Output:  6
# PASSED at t=35
# criteria: fails for {card1,card2,card3} = { 7  0  0} and score is not  7
# msg: DUT: scorehand. Input: { 7  0  0}, Expected Output:  7, Actual Output:  7
# PASSED at t=40
# criteria: fails for {card1,card2,card3} = { 8  0  0} and score is not  8
# msg: DUT: scorehand. Input: { 8  0  0}, Expected Output:  8, Actual Output:  8
# PASSED at t=45
# criteria: fails for {card1,card2,card3} = { 9  0  0} and score is not  9
# msg: DUT: scorehand. Input: { 9  0  0}, Expected Output:  9, Actual Output:  9
# PASSED at t=50
# criteria: fails for {card1,card2,card3} = {10  0  0} and score is not  0
# msg: DUT: scorehand. Input: {10  0  0}, Expected Output:  0, Actual Output:  0
# PASSED at t=55
# criteria: fails for {card1,card2,card3} = {11  0  0} and score is not  0
# msg: DUT: scorehand. Input: {11  0  0}, Expected Output:  0, Actual Output:  0
# PASSED at t=60
# criteria: fails for {card1,card2,card3} = {12  0  0} and score is not  0
# msg: DUT: scorehand. Input: {12  0  0}, Expected Output:  0, Actual Output:  0
# PASSED at t=65
# criteria: fails for {card1,card2,card3} = {13  0  0} and score is not  0
# msg: DUT: scorehand. Input: {13  0  0}, Expected Output:  0, Actual Output:  0
# PASSED at t=70
# criteria: fails for {card1,card2,card3} = { 0  1  0} and score is not  1
# msg: DUT: scorehand. Input: { 0  1  0}, Expected Output:  1, Actual Output:  1
# PASSED at t=75
# criteria: fails for {card1,card2,card3} = { 0  2  0} and score is not  2
# msg: DUT: scorehand. Input: { 0  2  0}, Expected Output:  2, Actual Output:  2
# PASSED at t=80
# criteria: fails for {card1,card2,card3} = { 0  3  0} and score is not  3
# msg: DUT: scorehand. Input: { 0  3  0}, Expected Output:  3, Actual Output:  3
# PASSED at t=85
# criteria: fails for {card1,card2,card3} = { 0  4  0} and score is not  4
# msg: DUT: scorehand. Input: { 0  4  0}, Expected Output:  4, Actual Output:  4
# PASSED at t=90
# criteria: fails for {card1,card2,card3} = { 0  5  0} and score is not  5
# msg: DUT: scorehand. Input: { 0  5  0}, Expected Output:  5, Actual Output:  5
# PASSED at t=95
# criteria: fails for {card1,card2,card3} = { 0  6  0} and score is not  6
# msg: DUT: scorehand. Input: { 0  6  0}, Expected Output:  6, Actual Output:  6
# PASSED at t=100
# criteria: fails for {card1,card2,card3} = { 0  7  0} and score is not  7
# msg: DUT: scorehand. Input: { 0  7  0}, Expected Output:  7, Actual Output:  7
# PASSED at t=105
# criteria: fails for {card1,card2,card3} = { 0  8  0} and score is not  8
# msg: DUT: scorehand. Input: { 0  8  0}, Expected Output:  8, Actual Output:  8
# PASSED at t=110
# criteria: fails for {card1,card2,card3} = { 0  9  0} and score is not  9
# msg: DUT: scorehand. Input: { 0  9  0}, Expected Output:  9, Actual Output:  9
# PASSED at t=115
# criteria: fails for {card1,card2,card3} = { 0 10  0} and score is not  0
# msg: DUT: scorehand. Input: { 0 10  0}, Expected Output:  0, Actual Output:  0
# PASSED at t=120
# criteria: fails for {card1,card2,card3} = { 0 11  0} and score is not  0
# msg: DUT: scorehand. Input: { 0 11  0}, Expected Output:  0, Actual Output:  0
# PASSED at t=125
# criteria: fails for {card1,card2,card3} = { 0 12  0} and score is not  0
# msg: DUT: scorehand. Input: { 0 12  0}, Expected Output:  0, Actual Output:  0
# PASSED at t=130
# criteria: fails for {card1,card2,card3} = { 0 13  0} and score is not  0
# msg: DUT: scorehand. Input: { 0 13  0}, Expected Output:  0, Actual Output:  0
# PASSED at t=135
# criteria: fails for {card1,card2,card3} = { 0  0  1} and score is not  1
# msg: DUT: scorehand. Input: { 0  0  1}, Expected Output:  1, Actual Output:  1
# PASSED at t=140
# criteria: fails for {card1,card2,card3} = { 0  0  2} and score is not  2
# msg: DUT: scorehand. Input: { 0  0  2}, Expected Output:  2, Actual Output:  2
# PASSED at t=145
# criteria: fails for {card1,card2,card3} = { 0  0  3} and score is not  3
# msg: DUT: scorehand. Input: { 0  0  3}, Expected Output:  3, Actual Output:  3
# PASSED at t=150
# criteria: fails for {card1,card2,card3} = { 0  0  4} and score is not  4
# msg: DUT: scorehand. Input: { 0  0  4}, Expected Output:  4, Actual Output:  4
# PASSED at t=155
# criteria: fails for {card1,card2,card3} = { 0  0  5} and score is not  5
# msg: DUT: scorehand. Input: { 0  0  5}, Expected Output:  5, Actual Output:  5
# PASSED at t=160
# criteria: fails for {card1,card2,card3} = { 0  0  6} and score is not  6
# msg: DUT: scorehand. Input: { 0  0  6}, Expected Output:  6, Actual Output:  6
# PASSED at t=165
# criteria: fails for {card1,card2,card3} = { 0  0  7} and score is not  7
# msg: DUT: scorehand. Input: { 0  0  7}, Expected Output:  7, Actual Output:  7
# PASSED at t=170
# criteria: fails for {card1,card2,card3} = { 0  0  8} and score is not  8
# msg: DUT: scorehand. Input: { 0  0  8}, Expected Output:  8, Actual Output:  8
# PASSED at t=175
# criteria: fails for {card1,card2,card3} = { 0  0  9} and score is not  9
# msg: DUT: scorehand. Input: { 0  0  9}, Expected Output:  9, Actual Output:  9
# PASSED at t=180
# criteria: fails for {card1,card2,card3} = { 0  0 10} and score is not  0
# msg: DUT: scorehand. Input: { 0  0 10}, Expected Output:  0, Actual Output:  0
# PASSED at t=185
# criteria: fails for {card1,card2,card3} = { 0  0 11} and score is not  0
# msg: DUT: scorehand. Input: { 0  0 11}, Expected Output:  0, Actual Output:  0
# PASSED at t=190
# criteria: fails for {card1,card2,card3} = { 0  0 12} and score is not  0
# msg: DUT: scorehand. Input: { 0  0 12}, Expected Output:  0, Actual Output:  0
# PASSED at t=195
# criteria: fails for {card1,card2,card3} = { 0  0 13} and score is not  0
# msg: DUT: scorehand. Input: { 0  0 13}, Expected Output:  0, Actual Output:  0
# PASSED at t=200
# criteria: fails for {card1,card2,card3} = { 0  4  4} and score is not  8
# msg: DUT: scorehand. Input: { 0  4  4}, Expected Output:  8, Actual Output:  8
# PASSED at t=205
# criteria: fails for {card1,card2,card3} = { 0  4  8} and score is not  2
# msg: DUT: scorehand. Input: { 0  4  8}, Expected Output:  2, Actual Output:  2
# PASSED at t=210
# quit
# End time: 08:26:05 on Dec 04,2020, Elapsed time: 0:00:03
# Errors: 0, Warnings: 0
